mode: set
github.com/gersongraciani/goping/shared/utils.go:10.26,12.3 1 1
github.com/gersongraciani/goping/shared/utils.go:15.35,21.2 4 1
github.com/gersongraciani/goping/shared/utils.go:23.51,38.2 9 1
github.com/gersongraciani/goping/shared/controller.go:27.13,31.2 3 1
github.com/gersongraciani/goping/shared/controller.go:34.23,36.2 1 1
github.com/gersongraciani/goping/shared/controller.go:39.27,41.2 1 1
github.com/gersongraciani/goping/shared/controller.go:43.33,51.52 1 1
github.com/gersongraciani/goping/shared/controller.go:51.52,51.78 1 0
github.com/gersongraciani/goping/shared/controller.go:81.42,83.6 2 1
github.com/gersongraciani/goping/shared/controller.go:83.6,84.10 1 1
github.com/gersongraciani/goping/shared/controller.go:87.3,90.43 1 0
github.com/gersongraciani/goping/shared/controller.go:94.4,94.38 1 0
github.com/gersongraciani/goping/shared/controller.go:97.3,100.18 2 0
github.com/gersongraciani/goping/shared/controller.go:106.4,112.31 3 0
github.com/gersongraciani/goping/shared/controller.go:115.3,117.18 2 0
github.com/gersongraciani/goping/shared/controller.go:122.4,131.31 6 0
github.com/gersongraciani/goping/shared/controller.go:133.3,134.10 1 0
github.com/gersongraciani/goping/shared/controller.go:90.43,91.32 1 0
github.com/gersongraciani/goping/shared/controller.go:100.18,103.13 2 0
github.com/gersongraciani/goping/shared/controller.go:117.18,119.13 1 0
github.com/gersongraciani/goping/shared/controller.go:139.45,140.6 1 1
github.com/gersongraciani/goping/shared/controller.go:140.6,141.10 1 1
github.com/gersongraciani/goping/shared/controller.go:143.3,146.25 3 0
github.com/gersongraciani/goping/shared/controller.go:148.3,149.10 1 0
github.com/gersongraciani/goping/shared/controller.go:155.50,158.30 1 0
github.com/gersongraciani/goping/shared/controller.go:163.2,164.16 2 0
github.com/gersongraciani/goping/shared/controller.go:169.2,181.12 8 0
github.com/gersongraciani/goping/shared/controller.go:158.30,160.3 1 0
github.com/gersongraciani/goping/shared/controller.go:164.16,166.3 1 0
github.com/gersongraciani/goping/shared/controller.go:185.50,191.2 2 0
github.com/gersongraciani/goping/shared/controller.go:193.116,195.2 1 1
github.com/gersongraciani/goping/shared/controller.go:196.99,198.2 1 1
github.com/gersongraciani/goping/shared/controller.go:199.89,201.2 1 1
github.com/gersongraciani/goping/shared/controller.go:203.120,215.12 6 1
github.com/gersongraciani/goping/shared/controller.go:234.2,234.17 1 1
github.com/gersongraciani/goping/shared/controller.go:217.2,219.10 1 1
github.com/gersongraciani/goping/shared/controller.go:222.2,225.17 2 1
github.com/gersongraciani/goping/shared/controller.go:226.2,228.9 1 1
github.com/gersongraciani/goping/shared/controller.go:231.2,232.27 1 0
github.com/gersongraciani/goping/shared/controller.go:219.10,221.4 1 1
github.com/gersongraciani/goping/shared/controller.go:228.9,230.4 1 1
github.com/gersongraciani/goping/shared/message.go:25.52,27.2 1 0
github.com/gersongraciani/goping/shared/message.go:28.57,30.2 1 0
github.com/gersongraciani/goping/shared/message.go:31.29,34.2 2 0
github.com/gersongraciani/goping/shared/message.go:35.39,37.2 1 0
github.com/gersongraciani/goping/shared/message.go:38.45,40.2 1 0
github.com/gersongraciani/goping/shared/message.go:41.53,43.2 1 0
github.com/gersongraciani/goping/shared/message.go:44.49,46.2 1 0
github.com/gersongraciani/goping/shared/message.go:47.43,49.2 1 0
github.com/gersongraciani/goping/shared/message.go:50.37,52.2 1 0
github.com/gersongraciani/goping/shared/message.go:53.35,55.2 1 0
github.com/gersongraciani/goping/shared/message.go:56.35,58.2 1 0
github.com/gersongraciani/goping/shared/message.go:59.37,61.2 1 0
github.com/gersongraciani/goping/shared/message.go:62.43,64.2 1 0
github.com/gersongraciani/goping/shared/message.go:65.40,67.2 1 0
github.com/gersongraciani/goping/shared/message.go:79.38,82.2 1 0
github.com/gersongraciani/goping/shared/message.go:83.30,85.2 1 0
github.com/gersongraciani/goping/shared/message.go:86.38,88.2 1 0
github.com/gersongraciani/goping/shared/message.go:89.46,91.2 1 0
github.com/gersongraciani/goping/shared/message.go:92.46,94.2 1 0
github.com/gersongraciani/goping/shared/message.go:95.40,97.2 1 0
github.com/gersongraciani/goping/shared/message.go:98.38,100.2 1 0
github.com/gersongraciani/goping/shared/message.go:101.40,103.2 1 0
github.com/gersongraciani/goping/shared/message.go:104.34,106.2 1 0
github.com/gersongraciani/goping/shared/message.go:107.40,109.2 1 0
github.com/gersongraciani/goping/shared/message.go:110.34,112.2 1 0
github.com/gersongraciani/goping/shared/message.go:113.41,115.2 1 0
github.com/gersongraciani/goping/shared/message.go:116.34,118.2 1 0
github.com/gersongraciani/goping/shared/message.go:129.37,131.2 1 0
github.com/gersongraciani/goping/shared/message.go:132.37,134.2 1 0
github.com/gersongraciani/goping/shared/message.go:135.38,137.2 1 0
github.com/gersongraciani/goping/shared/message.go:138.43,140.2 1 0
github.com/gersongraciani/goping/shared/message.go:141.43,143.2 1 0
github.com/gersongraciani/goping/shared/message.go:144.42,146.2 1 0
github.com/gersongraciani/goping/shared/message.go:147.38,149.2 1 0
github.com/gersongraciani/goping/shared/message.go:150.39,152.2 1 0
github.com/gersongraciani/goping/shared/message.go:153.39,155.2 1 0
github.com/gersongraciani/goping/shared/message.go:156.34,158.2 1 0
github.com/gersongraciani/goping/shared/message.go:159.33,161.2 1 0
github.com/gersongraciani/goping/shared/message.go:162.33,164.2 1 0
github.com/gersongraciani/goping/shared/pool.go:15.13,17.2 1 1
github.com/gersongraciani/goping/shared/pool.go:19.23,22.28 1 1
github.com/gersongraciani/goping/shared/pool.go:22.28,24.5 1 0
github.com/gersongraciani/goping/shared/pool.go:27.28,29.5 1 0
github.com/gersongraciani/goping/shared/pool.go:37.20,39.2 1 1
github.com/gersongraciani/goping/shared/pool.go:50.43,65.2 14 0
github.com/gersongraciani/goping/shared/pool.go:67.44,81.2 13 0
github.com/gersongraciani/goping/shared/pool.go:83.48,86.2 2 0
github.com/gersongraciani/goping/shared/pool.go:88.49,91.2 2 0
